2023-05-14 12:44:24[db.js] info: "Server started"
2023-05-14 12:44:30[db.js] info: "Mongo db connected"
2023-05-14 12:46:18[db.js] info: "Server started"
2023-05-14 12:46:22[db.js] info: "Mongo db connected"
2023-05-14 12:46:45[db.js] info: "Server started"
2023-05-14 12:46:48[db.js] info: "Mongo db connected"
2023-05-14 12:48:04[db.js] info: "Server started"
2023-05-14 12:48:09[db.js] info: "Mongo db connected"
2023-05-14 12:49:48[db.js] info: "Server started"
2023-05-14 12:49:51[db.js] info: "Mongo db connected"
2023-05-14 12:50:57[db.js] info: "Server started"
2023-05-14 12:51:01[db.js] info: "Mongo db connected"
2023-05-14 12:58:00[db.js] info: "Server started"
2023-05-14 12:58:03[db.js] info: "Mongo db connected"
2023-05-14 13:54:42[db.js] info: "Server started"
2023-05-14 13:54:45[db.js] info: "Mongo db connected"
2023-05-14 13:56:46[db.js] info: "Server started"
2023-05-14 13:56:50[db.js] info: "Mongo db connected"
2023-05-14 14:00:37[db.js] info: "Server started"
2023-05-14 14:00:41[db.js] info: "Mongo db connected"
2023-05-14 14:01:28[db.js] info: "Server started"
2023-05-14 14:01:30[db.js] info: "Mongo db connected"
2023-05-14 14:02:23[db.js] info: "connected to socket.io "
2023-05-14 14:02:24[db.js] info: "fetched chats"
2023-05-14 14:02:35[db.js] info: "Aswathas logged in succesfully"
2023-05-14 14:03:09[db.js] info: "connected to socket.io "
2023-05-14 14:03:10[db.js] info: "fetched chats"
2023-05-14 14:03:15[db.js] info: "all mesages for the chat fetched"
2023-05-14 14:03:15[db.js] info: "user joined the room: 645f8a3caf166a66499ed241"
2023-05-14 14:03:24[db.js] info: "message sent by Aswathas"
2023-05-14 14:03:24[db.js] info: "inside new message room Aswathas"
2023-05-14 14:04:06[db.js] info: "Ashish K logged in succesfully"
2023-05-14 14:04:14[db.js] info: "connected to socket.io "
2023-05-14 14:04:14[db.js] info: "fetched chats"
2023-05-14 14:04:18[db.js] info: "all mesages for the chat fetched"
2023-05-14 14:04:18[db.js] info: "user joined the room: 645f8a3caf166a66499ed241"
2023-05-14 14:04:22[db.js] info: "message sent by Ashish K"
2023-05-14 14:04:22[db.js] info: "inside new message room Ashish K"
2023-05-14 14:04:23[db.js] info: "message sent by Ashish K"
2023-05-14 14:04:23[db.js] info: "inside new message room Ashish K"
2023-05-14 14:04:44[db.js] info: "message sent by Ashish K"
2023-05-14 14:04:44[db.js] info: "inside new message room Ashish K"
